<?xml version="1.0" encoding="UTF-8"?>
<coverage generated="1681653639091" clover="3.2.0">
  <project timestamp="1681653639092" name="All files">
    <metrics statements="0" coveredstatements="0" conditionals="0" coveredconditionals="0" methods="0" coveredmethods="0" elements="0" coveredelements="0" complexity="0" loc="0" ncloc="0" packages="1" files="1" classes="1"/>
    <file name="index.tsx" path="/home/hubert/Dropbox/01_tutorials/front-end/nerdbord/lead-collector-main/lead-collector/src/components/index.tsx">
      <metrics statements="0" coveredstatements="0" conditionals="0" coveredconditionals="0" methods="0" coveredmethods="0"/>
    </file>
  </project>
</coverage>
