{
  "/home/hubert/Dropbox/01_tutorials/front-end/nerdbord/lead-collector-main/lead-collector/src/globals.d.ts": {
    "path": "/home/hubert/Dropbox/01_tutorials/front-end/nerdbord/lead-collector-main/lead-collector/src/globals.d.ts",
    "statementMap": {},
    "fnMap": {},
    "branchMap": {},
    "s": {},
    "f": {},
    "b": {}
  },
  "/home/hubert/Dropbox/01_tutorials/front-end/nerdbord/lead-collector-main/lead-collector/src/components/index.tsx": {
    "path": "/home/hubert/Dropbox/01_tutorials/front-end/nerdbord/lead-collector-main/lead-collector/src/components/index.tsx",
    "statementMap": {
      "0": {
        "start": { "line": 1, "column": 0 },
        "end": { "line": 1, "column": 9 }
      },
      "1": {
        "start": { "line": 5, "column": 9 },
        "end": { "line": 1, "column": 50 }
      },
      "2": {
        "start": { "line": 2, "column": 0 },
        "end": { "line": 2, "column": 9 }
      },
      "3": {
        "start": { "line": 5, "column": 20 },
        "end": { "line": 2, "column": 48 }
      },
      "4": {
        "start": { "line": 3, "column": 0 },
        "end": { "line": 3, "column": 9 }
      },
      "5": {
        "start": { "line": 5, "column": 31 },
        "end": { "line": 3, "column": 42 }
      }
    },
    "fnMap": {
      "0": {
        "name": "(anonymous_0)",
        "decl": {
          "start": { "line": 5, "column": 9 },
          "end": { "line": 5, "column": 18 }
        },
        "loc": {
          "start": { "line": 5, "column": 9 },
          "end": { "line": 1, "column": 50 }
        }
      },
      "1": {
        "name": "(anonymous_1)",
        "decl": {
          "start": { "line": 5, "column": 20 },
          "end": { "line": 5, "column": 29 }
        },
        "loc": {
          "start": { "line": 5, "column": 20 },
          "end": { "line": 2, "column": 48 }
        }
      },
      "2": {
        "name": "(anonymous_2)",
        "decl": {
          "start": { "line": 5, "column": 31 },
          "end": { "line": 5, "column": 37 }
        },
        "loc": {
          "start": { "line": 5, "column": 31 },
          "end": { "line": 3, "column": 42 }
        }
      }
    },
    "branchMap": {},
    "s": { "0": 1, "1": 4, "2": 1, "3": 16, "4": 1, "5": 7 },
    "f": { "0": 3, "1": 15, "2": 6 },
    "b": {}
  },
  "/home/hubert/Dropbox/01_tutorials/front-end/nerdbord/lead-collector-main/lead-collector/src/components/Container/Container.tsx": {
    "path": "/home/hubert/Dropbox/01_tutorials/front-end/nerdbord/lead-collector-main/lead-collector/src/components/Container/Container.tsx",
    "statementMap": {
      "0": {
        "start": { "line": 1, "column": 0 },
        "end": { "line": 1, "column": 26 }
      },
      "1": {
        "start": { "line": 3, "column": 0 },
        "end": { "line": 3, "column": 50 }
      },
      "2": {
        "start": { "line": 5, "column": 25 },
        "end": { "line": 6, "column": null }
      },
      "3": {
        "start": { "line": 6, "column": 2 },
        "end": { "line": 6, "column": 58 }
      },
      "4": {
        "start": { "line": 5, "column": 13 },
        "end": { "line": 5, "column": 25 }
      }
    },
    "fnMap": {
      "0": {
        "name": "(anonymous_7)",
        "decl": {
          "start": { "line": 5, "column": 25 },
          "end": { "line": 5, "column": 26 }
        },
        "loc": {
          "start": { "line": 6, "column": 2 },
          "end": { "line": 6, "column": 58 }
        }
      }
    },
    "branchMap": {},
    "s": { "0": 1, "1": 1, "2": 1, "3": 4, "4": 1 },
    "f": { "0": 4 },
    "b": {}
  },
  "/home/hubert/Dropbox/01_tutorials/front-end/nerdbord/lead-collector-main/lead-collector/src/components/Gameboy/OneColumn.tsx": {
    "path": "/home/hubert/Dropbox/01_tutorials/front-end/nerdbord/lead-collector-main/lead-collector/src/components/Gameboy/OneColumn.tsx",
    "statementMap": {
      "0": {
        "start": { "line": 1, "column": 0 },
        "end": { "line": 1, "column": 31 }
      },
      "1": {
        "start": { "line": 3, "column": 0 },
        "end": { "line": 3, "column": 50 }
      },
      "2": {
        "start": { "line": 4, "column": 0 },
        "end": { "line": 4, "column": 59 }
      },
      "3": {
        "start": { "line": 10, "column": 25 },
        "end": { "line": 22, "column": 1 }
      },
      "4": {
        "start": { "line": 13, "column": 24 },
        "end": { "line": 13, "column": 77 }
      },
      "5": {
        "start": { "line": 15, "column": 32 },
        "end": { "line": 15, "column": 73 }
      },
      "6": {
        "start": { "line": 17, "column": 2 },
        "end": { "line": 21, "column": 4 }
      },
      "7": {
        "start": { "line": 10, "column": 13 },
        "end": { "line": 10, "column": 25 }
      }
    },
    "fnMap": {
      "0": {
        "name": "(anonymous_6)",
        "decl": {
          "start": { "line": 10, "column": 25 },
          "end": { "line": 10, "column": 26 }
        },
        "loc": {
          "start": { "line": 12, "column": 40 },
          "end": { "line": 22, "column": 1 }
        }
      }
    },
    "branchMap": {
      "0": {
        "loc": {
          "start": { "line": 11, "column": 2 },
          "end": { "line": 11, "column": 17 }
        },
        "type": "default-arg",
        "locations": [
          {
            "start": { "line": 11, "column": 13 },
            "end": { "line": 11, "column": 17 }
          }
        ]
      },
      "1": {
        "loc": {
          "start": { "line": 13, "column": 24 },
          "end": { "line": 13, "column": 77 }
        },
        "type": "cond-expr",
        "locations": [
          {
            "start": { "line": 13, "column": 44 },
            "end": { "line": 13, "column": 58 }
          },
          {
            "start": { "line": 13, "column": 61 },
            "end": { "line": 13, "column": 77 }
          }
        ]
      }
    },
    "s": { "0": 1, "1": 1, "2": 1, "3": 1, "4": 15, "5": 15, "6": 15, "7": 1 },
    "f": { "0": 15 },
    "b": { "0": [0], "1": [6, 9] }
  },
  "/home/hubert/Dropbox/01_tutorials/front-end/nerdbord/lead-collector-main/lead-collector/src/components/Gameboy/OneRow.tsx": {
    "path": "/home/hubert/Dropbox/01_tutorials/front-end/nerdbord/lead-collector-main/lead-collector/src/components/Gameboy/OneRow.tsx",
    "statementMap": {
      "0": {
        "start": { "line": 1, "column": 0 },
        "end": { "line": 1, "column": 31 }
      },
      "1": {
        "start": { "line": 3, "column": 0 },
        "end": { "line": 3, "column": 47 }
      },
      "2": {
        "start": { "line": 4, "column": 0 },
        "end": { "line": 4, "column": 53 }
      },
      "3": {
        "start": { "line": 10, "column": 22 },
        "end": { "line": 23, "column": 1 }
      },
      "4": {
        "start": { "line": 14, "column": 4 },
        "end": { "line": 14, "column": 62 }
      },
      "5": {
        "start": { "line": 16, "column": 32 },
        "end": { "line": 16, "column": 71 }
      },
      "6": {
        "start": { "line": 18, "column": 2 },
        "end": { "line": 22, "column": 4 }
      },
      "7": {
        "start": { "line": 10, "column": 13 },
        "end": { "line": 10, "column": 22 }
      }
    },
    "fnMap": {
      "0": {
        "name": "(anonymous_6)",
        "decl": {
          "start": { "line": 10, "column": 22 },
          "end": { "line": 10, "column": 23 }
        },
        "loc": {
          "start": { "line": 12, "column": 37 },
          "end": { "line": 23, "column": 1 }
        }
      }
    },
    "branchMap": {
      "0": {
        "loc": {
          "start": { "line": 11, "column": 2 },
          "end": { "line": 11, "column": 19 }
        },
        "type": "default-arg",
        "locations": [
          {
            "start": { "line": 11, "column": 13 },
            "end": { "line": 11, "column": 19 }
          }
        ]
      },
      "1": {
        "loc": {
          "start": { "line": 14, "column": 4 },
          "end": { "line": 14, "column": 62 }
        },
        "type": "cond-expr",
        "locations": [
          {
            "start": { "line": 14, "column": 26 },
            "end": { "line": 14, "column": 42 }
          },
          {
            "start": { "line": 14, "column": 45 },
            "end": { "line": 14, "column": 62 }
          }
        ]
      }
    },
    "s": { "0": 1, "1": 1, "2": 1, "3": 1, "4": 6, "5": 6, "6": 6, "7": 1 },
    "f": { "0": 6 },
    "b": { "0": [0], "1": [3, 3] }
  },
  "/home/hubert/Dropbox/01_tutorials/front-end/nerdbord/lead-collector-main/lead-collector/src/icons/Arrow.tsx": {
    "path": "/home/hubert/Dropbox/01_tutorials/front-end/nerdbord/lead-collector-main/lead-collector/src/icons/Arrow.tsx",
    "statementMap": {
      "0": {
        "start": { "line": 1, "column": 0 },
        "end": { "line": 1, "column": 31 }
      },
      "1": {
        "start": { "line": 3, "column": 21 },
        "end": { "line": 15, "column": null }
      },
      "2": {
        "start": { "line": 4, "column": 2 },
        "end": { "line": 14, "column": null }
      },
      "3": {
        "start": { "line": 3, "column": 13 },
        "end": { "line": 3, "column": 21 }
      }
    },
    "fnMap": {
      "0": {
        "name": "(anonymous_6)",
        "decl": {
          "start": { "line": 3, "column": 21 },
          "end": { "line": 3, "column": 24 }
        },
        "loc": {
          "start": { "line": 4, "column": 2 },
          "end": { "line": 14, "column": null }
        }
      }
    },
    "branchMap": {},
    "s": { "0": 1, "1": 1, "2": 0, "3": 1 },
    "f": { "0": 0 },
    "b": {}
  },
  "/home/hubert/Dropbox/01_tutorials/front-end/nerdbord/lead-collector-main/lead-collector/src/icons/Error.tsx": {
    "path": "/home/hubert/Dropbox/01_tutorials/front-end/nerdbord/lead-collector-main/lead-collector/src/icons/Error.tsx",
    "statementMap": {
      "0": {
        "start": { "line": 1, "column": 0 },
        "end": { "line": 1, "column": 31 }
      },
      "1": {
        "start": { "line": 3, "column": 21 },
        "end": { "line": 17, "column": null }
      },
      "2": {
        "start": { "line": 4, "column": 2 },
        "end": { "line": 16, "column": null }
      },
      "3": {
        "start": { "line": 3, "column": 13 },
        "end": { "line": 3, "column": 21 }
      }
    },
    "fnMap": {
      "0": {
        "name": "(anonymous_6)",
        "decl": {
          "start": { "line": 3, "column": 21 },
          "end": { "line": 3, "column": 24 }
        },
        "loc": {
          "start": { "line": 4, "column": 2 },
          "end": { "line": 16, "column": null }
        }
      }
    },
    "branchMap": {},
    "s": { "0": 1, "1": 1, "2": 0, "3": 1 },
    "f": { "0": 0 },
    "b": {}
  },
  "/home/hubert/Dropbox/01_tutorials/front-end/nerdbord/lead-collector-main/lead-collector/src/images/Gameboy.tsx": {
    "path": "/home/hubert/Dropbox/01_tutorials/front-end/nerdbord/lead-collector-main/lead-collector/src/images/Gameboy.tsx",
    "statementMap": {
      "0": {
        "start": { "line": 1, "column": 0 },
        "end": { "line": 1, "column": 31 }
      },
      "1": {
        "start": { "line": 3, "column": 23 },
        "end": { "line": 268, "column": null }
      },
      "2": {
        "start": { "line": 4, "column": 2 },
        "end": { "line": 267, "column": null }
      },
      "3": {
        "start": { "line": 3, "column": 13 },
        "end": { "line": 3, "column": 23 }
      }
    },
    "fnMap": {
      "0": {
        "name": "(anonymous_6)",
        "decl": {
          "start": { "line": 3, "column": 23 },
          "end": { "line": 3, "column": 26 }
        },
        "loc": {
          "start": { "line": 4, "column": 2 },
          "end": { "line": 267, "column": null }
        }
      }
    },
    "branchMap": {},
    "s": { "0": 1, "1": 1, "2": 21, "3": 1 },
    "f": { "0": 21 },
    "b": {}
  },
  "/home/hubert/Dropbox/01_tutorials/front-end/nerdbord/lead-collector-main/lead-collector/src/images/PatternColumn.tsx": {
    "path": "/home/hubert/Dropbox/01_tutorials/front-end/nerdbord/lead-collector-main/lead-collector/src/images/PatternColumn.tsx",
    "statementMap": {
      "0": {
        "start": { "line": 1, "column": 0 },
        "end": { "line": 1, "column": 26 }
      },
      "1": {
        "start": { "line": 2, "column": 0 },
        "end": { "line": 2, "column": 36 }
      },
      "2": {
        "start": { "line": 4, "column": 29 },
        "end": { "line": 24, "column": null }
      },
      "3": {
        "start": { "line": 5, "column": 2 },
        "end": { "line": 23, "column": null }
      },
      "4": {
        "start": { "line": 4, "column": 13 },
        "end": { "line": 4, "column": 29 }
      }
    },
    "fnMap": {
      "0": {
        "name": "(anonymous_1)",
        "decl": {
          "start": { "line": 4, "column": 29 },
          "end": { "line": 4, "column": 32 }
        },
        "loc": {
          "start": { "line": 5, "column": 2 },
          "end": { "line": 23, "column": null }
        }
      }
    },
    "branchMap": {},
    "s": { "0": 1, "1": 1, "2": 1, "3": 15, "4": 1 },
    "f": { "0": 15 },
    "b": {}
  },
  "/home/hubert/Dropbox/01_tutorials/front-end/nerdbord/lead-collector-main/lead-collector/src/images/PatternRow.tsx": {
    "path": "/home/hubert/Dropbox/01_tutorials/front-end/nerdbord/lead-collector-main/lead-collector/src/images/PatternRow.tsx",
    "statementMap": {
      "0": {
        "start": { "line": 1, "column": 0 },
        "end": { "line": 1, "column": 26 }
      },
      "1": {
        "start": { "line": 2, "column": 0 },
        "end": { "line": 2, "column": 36 }
      },
      "2": {
        "start": { "line": 4, "column": 26 },
        "end": { "line": 25, "column": null }
      },
      "3": {
        "start": { "line": 5, "column": 2 },
        "end": { "line": 24, "column": null }
      },
      "4": {
        "start": { "line": 4, "column": 13 },
        "end": { "line": 4, "column": 26 }
      }
    },
    "fnMap": {
      "0": {
        "name": "(anonymous_1)",
        "decl": {
          "start": { "line": 4, "column": 26 },
          "end": { "line": 4, "column": 29 }
        },
        "loc": {
          "start": { "line": 5, "column": 2 },
          "end": { "line": 24, "column": null }
        }
      }
    },
    "branchMap": {},
    "s": { "0": 1, "1": 1, "2": 1, "3": 6, "4": 1 },
    "f": { "0": 6 },
    "b": {}
  },
  "/home/hubert/Dropbox/01_tutorials/front-end/nerdbord/lead-collector-main/lead-collector/src/pages/404.tsx": {
    "path": "/home/hubert/Dropbox/01_tutorials/front-end/nerdbord/lead-collector-main/lead-collector/src/pages/404.tsx",
    "statementMap": {
      "0": {
        "start": { "line": 1, "column": 0 },
        "end": { "line": 1, "column": 31 }
      },
      "1": {
        "start": { "line": 4, "column": 42 },
        "end": { "line": 6, "column": 1 }
      },
      "2": {
        "start": { "line": 5, "column": 2 },
        "end": { "line": 5, "column": 43 }
      },
      "3": {
        "start": { "line": 8, "column": 0 },
        "end": { "line": 8, "column": 28 }
      },
      "4": {
        "start": { "line": 10, "column": 28 },
        "end": { "line": 10, "column": 58 }
      },
      "5": {
        "start": { "line": 10, "column": 34 },
        "end": { "line": 10, "column": 58 }
      },
      "6": {
        "start": { "line": 10, "column": 13 },
        "end": { "line": 10, "column": 28 }
      }
    },
    "fnMap": {
      "0": {
        "name": "(anonymous_6)",
        "decl": {
          "start": { "line": 4, "column": 42 },
          "end": { "line": 4, "column": 45 }
        },
        "loc": {
          "start": { "line": 4, "column": 47 },
          "end": { "line": 6, "column": 1 }
        }
      },
      "1": {
        "name": "(anonymous_7)",
        "decl": {
          "start": { "line": 10, "column": 28 },
          "end": { "line": 10, "column": 31 }
        },
        "loc": {
          "start": { "line": 10, "column": 34 },
          "end": { "line": 10, "column": 58 }
        }
      }
    },
    "branchMap": {},
    "s": { "0": 0, "1": 0, "2": 0, "3": 0, "4": 0, "5": 0, "6": 0 },
    "f": { "0": 0, "1": 0 },
    "b": {}
  },
  "/home/hubert/Dropbox/01_tutorials/front-end/nerdbord/lead-collector-main/lead-collector/src/pages/index.tsx": {
    "path": "/home/hubert/Dropbox/01_tutorials/front-end/nerdbord/lead-collector-main/lead-collector/src/pages/index.tsx",
    "statementMap": {
      "0": {
        "start": { "line": 1, "column": 0 },
        "end": { "line": 1, "column": 31 }
      },
      "1": {
        "start": { "line": 2, "column": 0 },
        "end": { "line": 2, "column": 33 }
      },
      "2": {
        "start": { "line": 4, "column": 0 },
        "end": { "line": 4, "column": 77 }
      },
      "3": {
        "start": { "line": 5, "column": 0 },
        "end": { "line": 5, "column": 69 }
      },
      "4": {
        "start": { "line": 6, "column": 0 },
        "end": { "line": 6, "column": 54 }
      },
      "5": {
        "start": { "line": 7, "column": 0 },
        "end": { "line": 7, "column": 27 }
      },
      "6": {
        "start": { "line": 8, "column": 0 },
        "end": { "line": 8, "column": 62 }
      },
      "7": {
        "start": { "line": 9, "column": 0 },
        "end": { "line": 9, "column": 39 }
      },
      "8": {
        "start": { "line": 10, "column": 0 },
        "end": { "line": 10, "column": 39 }
      },
      "9": {
        "start": { "line": 12, "column": 0 },
        "end": { "line": 12, "column": 46 }
      },
      "10": {
        "start": { "line": 14, "column": 20 },
        "end": { "line": 14, "column": 34 }
      },
      "11": {
        "start": { "line": 22, "column": 15 },
        "end": { "line": 32, "column": 2 }
      },
      "12": {
        "start": { "line": 35, "column": 42 },
        "end": { "line": 35, "column": 57 }
      },
      "13": {
        "start": { "line": 36, "column": 42 },
        "end": { "line": 36, "column": 56 }
      },
      "14": {
        "start": { "line": 38, "column": 42 },
        "end": { "line": 38, "column": 62 }
      },
      "15": {
        "start": { "line": 39, "column": 42 },
        "end": { "line": 39, "column": 54 }
      },
      "16": {
        "start": { "line": 40, "column": 34 },
        "end": { "line": 40, "column": 46 }
      },
      "17": {
        "start": { "line": 41, "column": 36 },
        "end": { "line": 41, "column": 48 }
      },
      "18": {
        "start": { "line": 42, "column": 44 },
        "end": { "line": 42, "column": 59 }
      },
      "19": {
        "start": { "line": 48, "column": 6 },
        "end": { "line": 55, "column": 4 }
      },
      "20": {
        "start": { "line": 57, "column": 47 },
        "end": { "line": 79, "column": 3 }
      },
      "21": {
        "start": { "line": 58, "column": 4 },
        "end": { "line": 58, "column": 24 }
      },
      "22": {
        "start": { "line": 59, "column": 4 },
        "end": { "line": 59, "column": 33 }
      },
      "23": {
        "start": { "line": 59, "column": 22 },
        "end": { "line": 59, "column": 31 }
      },
      "24": {
        "start": { "line": 60, "column": 4 },
        "end": { "line": 60, "column": 35 }
      },
      "25": {
        "start": { "line": 60, "column": 23 },
        "end": { "line": 60, "column": 33 }
      },
      "26": {
        "start": { "line": 61, "column": 4 },
        "end": { "line": 78, "column": 9 }
      },
      "27": {
        "start": { "line": 70, "column": 8 },
        "end": { "line": 74, "column": null }
      },
      "28": {
        "start": { "line": 71, "column": 10 },
        "end": { "line": 71, "column": 40 }
      },
      "29": {
        "start": { "line": 72, "column": 15 },
        "end": { "line": 74, "column": null }
      },
      "30": {
        "start": { "line": 73, "column": 10 },
        "end": { "line": 73, "column": 36 }
      },
      "31": {
        "start": { "line": 77, "column": 8 },
        "end": { "line": 77, "column": 31 }
      },
      "32": {
        "start": { "line": 81, "column": 24 },
        "end": { "line": 83, "column": 26 }
      },
      "33": {
        "start": { "line": 85, "column": 25 },
        "end": { "line": 87, "column": 27 }
      },
      "34": {
        "start": { "line": 89, "column": 21 },
        "end": { "line": 89, "column": 34 }
      },
      "35": {
        "start": { "line": 91, "column": 20 },
        "end": { "line": 91, "column": 60 }
      },
      "36": {
        "start": { "line": 93, "column": 21 },
        "end": { "line": 93, "column": 62 }
      },
      "37": {
        "start": { "line": 95, "column": 24 },
        "end": { "line": 95, "column": 68 }
      },
      "38": {
        "start": { "line": 97, "column": 23 },
        "end": { "line": 99, "column": 3 }
      },
      "39": {
        "start": { "line": 98, "column": 4 },
        "end": { "line": 98, "column": 37 }
      },
      "40": {
        "start": { "line": 98, "column": 30 },
        "end": { "line": 98, "column": 35 }
      },
      "41": {
        "start": { "line": 101, "column": 23 },
        "end": { "line": 101, "column": 31 }
      },
      "42": {
        "start": { "line": 103, "column": 31 },
        "end": { "line": 105, "column": 3 }
      },
      "43": {
        "start": { "line": 104, "column": 4 },
        "end": { "line": 104, "column": 37 }
      },
      "44": {
        "start": { "line": 104, "column": 30 },
        "end": { "line": 104, "column": 35 }
      },
      "45": {
        "start": { "line": 107, "column": 30 },
        "end": { "line": 107, "column": 69 }
      },
      "46": {
        "start": { "line": 109, "column": 31 },
        "end": { "line": 109, "column": 72 }
      },
      "47": {
        "start": { "line": 111, "column": 2 },
        "end": { "line": 268, "column": 4 }
      },
      "48": {
        "start": { "line": 149, "column": 20 },
        "end": { "line": 156, "column": null }
      },
      "49": {
        "start": { "line": 164, "column": 20 },
        "end": { "line": 171, "column": null }
      },
      "50": {
        "start": { "line": 181, "column": 20 },
        "end": { "line": 202, "column": null }
      },
      "51": {
        "start": { "line": 246, "column": 18 },
        "end": { "line": 246, "column": 43 }
      },
      "52": {
        "start": { "line": 270, "column": 0 },
        "end": { "line": 270, "column": 25 }
      },
      "53": {
        "start": { "line": 272, "column": 28 },
        "end": { "line": 272, "column": 64 }
      },
      "54": {
        "start": { "line": 272, "column": 34 },
        "end": { "line": 272, "column": 64 }
      },
      "55": {
        "start": { "line": 272, "column": 13 },
        "end": { "line": 272, "column": 28 }
      }
    },
    "fnMap": {
      "0": {
        "name": "IndexPage",
        "decl": {
          "start": { "line": 34, "column": 9 },
          "end": { "line": 34, "column": 18 }
        },
        "loc": {
          "start": { "line": 34, "column": 18 },
          "end": { "line": 269, "column": 1 }
        }
      },
      "1": {
        "name": "(anonymous_7)",
        "decl": {
          "start": { "line": 57, "column": 47 },
          "end": { "line": 57, "column": 48 }
        },
        "loc": {
          "start": { "line": 57, "column": 56 },
          "end": { "line": 79, "column": 3 }
        }
      },
      "2": {
        "name": "(anonymous_8)",
        "decl": {
          "start": { "line": 59, "column": 16 },
          "end": { "line": 59, "column": 19 }
        },
        "loc": {
          "start": { "line": 59, "column": 22 },
          "end": { "line": 59, "column": 31 }
        }
      },
      "3": {
        "name": "(anonymous_9)",
        "decl": {
          "start": { "line": 60, "column": 17 },
          "end": { "line": 60, "column": 20 }
        },
        "loc": {
          "start": { "line": 60, "column": 23 },
          "end": { "line": 60, "column": 33 }
        }
      },
      "4": {
        "name": "(anonymous_10)",
        "decl": {
          "start": { "line": 69, "column": 12 },
          "end": { "line": 69, "column": 13 }
        },
        "loc": {
          "start": { "line": 69, "column": 25 },
          "end": { "line": 75, "column": 7 }
        }
      },
      "5": {
        "name": "(anonymous_11)",
        "decl": {
          "start": { "line": 76, "column": 13 },
          "end": { "line": 76, "column": 14 }
        },
        "loc": {
          "start": { "line": 76, "column": 23 },
          "end": { "line": 78, "column": 7 }
        }
      },
      "6": {
        "name": "(anonymous_12)",
        "decl": {
          "start": { "line": 97, "column": 23 },
          "end": { "line": 97, "column": 26 }
        },
        "loc": {
          "start": { "line": 97, "column": 28 },
          "end": { "line": 99, "column": 3 }
        }
      },
      "7": {
        "name": "(anonymous_13)",
        "decl": {
          "start": { "line": 98, "column": 20 },
          "end": { "line": 98, "column": 21 }
        },
        "loc": {
          "start": { "line": 98, "column": 30 },
          "end": { "line": 98, "column": 35 }
        }
      },
      "8": {
        "name": "(anonymous_14)",
        "decl": {
          "start": { "line": 101, "column": 23 },
          "end": { "line": 101, "column": 26 }
        },
        "loc": {
          "start": { "line": 101, "column": 28 },
          "end": { "line": 101, "column": 31 }
        }
      },
      "9": {
        "name": "(anonymous_15)",
        "decl": {
          "start": { "line": 103, "column": 31 },
          "end": { "line": 103, "column": 34 }
        },
        "loc": {
          "start": { "line": 103, "column": 36 },
          "end": { "line": 105, "column": 3 }
        }
      },
      "10": {
        "name": "(anonymous_16)",
        "decl": {
          "start": { "line": 104, "column": 20 },
          "end": { "line": 104, "column": 21 }
        },
        "loc": {
          "start": { "line": 104, "column": 30 },
          "end": { "line": 104, "column": 35 }
        }
      },
      "11": {
        "name": "(anonymous_17)",
        "decl": {
          "start": { "line": 148, "column": 26 },
          "end": { "line": 148, "column": 27 }
        },
        "loc": {
          "start": { "line": 149, "column": 20 },
          "end": { "line": 156, "column": null }
        }
      },
      "12": {
        "name": "(anonymous_18)",
        "decl": {
          "start": { "line": 163, "column": 26 },
          "end": { "line": 163, "column": 27 }
        },
        "loc": {
          "start": { "line": 164, "column": 20 },
          "end": { "line": 171, "column": null }
        }
      },
      "13": {
        "name": "(anonymous_19)",
        "decl": {
          "start": { "line": 180, "column": 26 },
          "end": { "line": 180, "column": 27 }
        },
        "loc": {
          "start": { "line": 181, "column": 20 },
          "end": { "line": 202, "column": null }
        }
      },
      "14": {
        "name": "(anonymous_20)",
        "decl": {
          "start": { "line": 245, "column": 25 },
          "end": { "line": 245, "column": 28 }
        },
        "loc": {
          "start": { "line": 245, "column": 30 },
          "end": { "line": 247, "column": 17 }
        }
      },
      "15": {
        "name": "(anonymous_21)",
        "decl": {
          "start": { "line": 272, "column": 28 },
          "end": { "line": 272, "column": 31 }
        },
        "loc": {
          "start": { "line": 272, "column": 34 },
          "end": { "line": 272, "column": 64 }
        }
      }
    },
    "branchMap": {
      "0": {
        "loc": {
          "start": { "line": 70, "column": 8 },
          "end": { "line": 74, "column": null }
        },
        "type": "if",
        "locations": [
          {
            "start": { "line": 70, "column": 8 },
            "end": { "line": 74, "column": null }
          },
          {
            "start": { "line": 72, "column": 15 },
            "end": { "line": 74, "column": null }
          }
        ]
      },
      "1": {
        "loc": {
          "start": { "line": 72, "column": 15 },
          "end": { "line": 74, "column": null }
        },
        "type": "if",
        "locations": [
          {
            "start": { "line": 72, "column": 15 },
            "end": { "line": 74, "column": null }
          }
        ]
      },
      "2": {
        "loc": {
          "start": { "line": 72, "column": 19 },
          "end": { "line": 72, "column": 66 }
        },
        "type": "binary-expr",
        "locations": [
          {
            "start": { "line": 72, "column": 19 },
            "end": { "line": 72, "column": 41 }
          },
          {
            "start": { "line": 72, "column": 45 },
            "end": { "line": 72, "column": 66 }
          }
        ]
      },
      "3": {
        "loc": {
          "start": { "line": 81, "column": 24 },
          "end": { "line": 83, "column": 26 }
        },
        "type": "cond-expr",
        "locations": [
          {
            "start": { "line": 82, "column": 6 },
            "end": { "line": 82, "column": 24 }
          },
          {
            "start": { "line": 83, "column": 6 },
            "end": { "line": 83, "column": 26 }
          }
        ]
      },
      "4": {
        "loc": {
          "start": { "line": 85, "column": 25 },
          "end": { "line": 87, "column": 27 }
        },
        "type": "cond-expr",
        "locations": [
          {
            "start": { "line": 86, "column": 6 },
            "end": { "line": 86, "column": 25 }
          },
          {
            "start": { "line": 87, "column": 6 },
            "end": { "line": 87, "column": 27 }
          }
        ]
      },
      "5": {
        "loc": {
          "start": { "line": 91, "column": 20 },
          "end": { "line": 91, "column": 60 }
        },
        "type": "cond-expr",
        "locations": [
          {
            "start": { "line": 91, "column": 35 },
            "end": { "line": 91, "column": 55 }
          },
          {
            "start": { "line": 91, "column": 58 },
            "end": { "line": 91, "column": 60 }
          }
        ]
      },
      "6": {
        "loc": {
          "start": { "line": 93, "column": 21 },
          "end": { "line": 93, "column": 62 }
        },
        "type": "cond-expr",
        "locations": [
          {
            "start": { "line": 93, "column": 36 },
            "end": { "line": 93, "column": 57 }
          },
          {
            "start": { "line": 93, "column": 60 },
            "end": { "line": 93, "column": 62 }
          }
        ]
      },
      "7": {
        "loc": {
          "start": { "line": 95, "column": 24 },
          "end": { "line": 95, "column": 68 }
        },
        "type": "cond-expr",
        "locations": [
          {
            "start": { "line": 95, "column": 39 },
            "end": { "line": 95, "column": 63 }
          },
          {
            "start": { "line": 95, "column": 66 },
            "end": { "line": 95, "column": 68 }
          }
        ]
      },
      "8": {
        "loc": {
          "start": { "line": 121, "column": 7 },
          "end": { "line": 220, "column": null }
        },
        "type": "binary-expr",
        "locations": [
          {
            "start": { "line": 121, "column": 7 },
            "end": { "line": 121, "column": 37 }
          },
          {
            "start": { "line": 122, "column": 8 },
            "end": { "line": 219, "column": null }
          }
        ]
      },
      "9": {
        "loc": {
          "start": { "line": 134, "column": 13 },
          "end": { "line": 138, "column": null }
        },
        "type": "binary-expr",
        "locations": [
          {
            "start": { "line": 134, "column": 13 },
            "end": { "line": 134, "column": 32 }
          },
          {
            "start": { "line": 135, "column": 14 },
            "end": { "line": 137, "column": null }
          }
        ]
      },
      "10": {
        "loc": {
          "start": { "line": 222, "column": 7 },
          "end": { "line": 232, "column": null }
        },
        "type": "binary-expr",
        "locations": [
          {
            "start": { "line": 222, "column": 7 },
            "end": { "line": 222, "column": 42 }
          },
          {
            "start": { "line": 223, "column": 8 },
            "end": { "line": 231, "column": null }
          }
        ]
      },
      "11": {
        "loc": {
          "start": { "line": 234, "column": 7 },
          "end": { "line": 253, "column": null }
        },
        "type": "binary-expr",
        "locations": [
          {
            "start": { "line": 234, "column": 7 },
            "end": { "line": 234, "column": 38 }
          },
          {
            "start": { "line": 235, "column": 8 },
            "end": { "line": 252, "column": null }
          }
        ]
      }
    },
    "s": {
      "0": 1,
      "1": 1,
      "2": 1,
      "3": 1,
      "4": 1,
      "5": 1,
      "6": 1,
      "7": 1,
      "8": 1,
      "9": 1,
      "10": 1,
      "11": 1,
      "12": 4,
      "13": 3,
      "14": 3,
      "15": 3,
      "16": 3,
      "17": 3,
      "18": 3,
      "19": 3,
      "20": 3,
      "21": 0,
      "22": 0,
      "23": 0,
      "24": 0,
      "25": 0,
      "26": 0,
      "27": 0,
      "28": 0,
      "29": 0,
      "30": 0,
      "31": 0,
      "32": 3,
      "33": 3,
      "34": 3,
      "35": 3,
      "36": 3,
      "37": 3,
      "38": 3,
      "39": 0,
      "40": 0,
      "41": 3,
      "42": 3,
      "43": 1,
      "44": 1,
      "45": 3,
      "46": 3,
      "47": 3,
      "48": 3,
      "49": 3,
      "50": 3,
      "51": 0,
      "52": 1,
      "53": 1,
      "54": 0,
      "55": 1
    },
    "f": {
      "0": 4,
      "1": 0,
      "2": 0,
      "3": 0,
      "4": 0,
      "5": 0,
      "6": 0,
      "7": 0,
      "8": 1,
      "9": 1,
      "10": 1,
      "11": 3,
      "12": 3,
      "13": 3,
      "14": 0,
      "15": 0
    },
    "b": {
      "0": [0, 0],
      "1": [0],
      "2": [0, 0],
      "3": [0, 3],
      "4": [0, 3],
      "5": [0, 3],
      "6": [0, 3],
      "7": [0, 3],
      "8": [3, 3],
      "9": [3, 0],
      "10": [3, 0],
      "11": [3, 0]
    }
  }
}
