TN:
SF:src/globals.d.ts
FNF:0
FNH:0
LF:0
LH:0
BRF:0
BRH:0
end_of_record
TN:
SF:src/components/index.tsx
FN:5,(anonymous_0)
FN:5,(anonymous_1)
FN:5,(anonymous_2)
FNF:3
FNH:3
FNDA:3,(anonymous_0)
FNDA:15,(anonymous_1)
FNDA:6,(anonymous_2)
DA:1,1
DA:2,1
DA:3,1
DA:5,16
LF:4
LH:4
BRF:0
BRH:0
end_of_record
TN:
SF:src/components/Container/Container.tsx
FN:5,(anonymous_7)
FNF:1
FNH:1
FNDA:4,(anonymous_7)
DA:1,1
DA:3,1
DA:5,1
DA:6,4
LF:4
LH:4
BRF:0
BRH:0
end_of_record
TN:
SF:src/components/Gameboy/OneColumn.tsx
FN:10,(anonymous_6)
FNF:1
FNH:1
FNDA:15,(anonymous_6)
DA:1,1
DA:3,1
DA:4,1
DA:10,1
DA:13,15
DA:15,15
DA:17,15
LF:7
LH:7
BRDA:11,0,0,0
BRDA:13,1,0,6
BRDA:13,1,1,9
BRF:3
BRH:2
end_of_record
TN:
SF:src/components/Gameboy/OneRow.tsx
FN:10,(anonymous_6)
FNF:1
FNH:1
FNDA:6,(anonymous_6)
DA:1,1
DA:3,1
DA:4,1
DA:10,1
DA:14,6
DA:16,6
DA:18,6
LF:7
LH:7
BRDA:11,0,0,0
BRDA:14,1,0,3
BRDA:14,1,1,3
BRF:3
BRH:2
end_of_record
TN:
SF:src/icons/Arrow.tsx
FN:3,(anonymous_6)
FNF:1
FNH:0
FNDA:0,(anonymous_6)
DA:1,1
DA:3,1
DA:4,0
LF:3
LH:2
BRF:0
BRH:0
end_of_record
TN:
SF:src/icons/Error.tsx
FN:3,(anonymous_6)
FNF:1
FNH:0
FNDA:0,(anonymous_6)
DA:1,1
DA:3,1
DA:4,0
LF:3
LH:2
BRF:0
BRH:0
end_of_record
TN:
SF:src/images/Gameboy.tsx
FN:3,(anonymous_6)
FNF:1
FNH:1
FNDA:21,(anonymous_6)
DA:1,1
DA:3,1
DA:4,21
LF:3
LH:3
BRF:0
BRH:0
end_of_record
TN:
SF:src/images/PatternColumn.tsx
FN:4,(anonymous_1)
FNF:1
FNH:1
FNDA:15,(anonymous_1)
DA:1,1
DA:2,1
DA:4,1
DA:5,15
LF:4
LH:4
BRF:0
BRH:0
end_of_record
TN:
SF:src/images/PatternRow.tsx
FN:4,(anonymous_1)
FNF:1
FNH:1
FNDA:6,(anonymous_1)
DA:1,1
DA:2,1
DA:4,1
DA:5,6
LF:4
LH:4
BRF:0
BRH:0
end_of_record
TN:
SF:src/pages/404.tsx
FN:4,(anonymous_6)
FN:10,(anonymous_7)
FNF:2
FNH:0
FNDA:0,(anonymous_6)
FNDA:0,(anonymous_7)
DA:1,0
DA:4,0
DA:5,0
DA:8,0
DA:10,0
LF:5
LH:0
BRF:0
BRH:0
end_of_record
TN:
SF:src/pages/index.tsx
FN:34,IndexPage
FN:57,(anonymous_7)
FN:59,(anonymous_8)
FN:60,(anonymous_9)
FN:69,(anonymous_10)
FN:76,(anonymous_11)
FN:97,(anonymous_12)
FN:98,(anonymous_13)
FN:101,(anonymous_14)
FN:103,(anonymous_15)
FN:104,(anonymous_16)
FN:148,(anonymous_17)
FN:163,(anonymous_18)
FN:180,(anonymous_19)
FN:245,(anonymous_20)
FN:272,(anonymous_21)
FNF:16
FNH:7
FNDA:4,IndexPage
FNDA:0,(anonymous_7)
FNDA:0,(anonymous_8)
FNDA:0,(anonymous_9)
FNDA:0,(anonymous_10)
FNDA:0,(anonymous_11)
FNDA:0,(anonymous_12)
FNDA:0,(anonymous_13)
FNDA:1,(anonymous_14)
FNDA:1,(anonymous_15)
FNDA:1,(anonymous_16)
FNDA:3,(anonymous_17)
FNDA:3,(anonymous_18)
FNDA:3,(anonymous_19)
FNDA:0,(anonymous_20)
FNDA:0,(anonymous_21)
DA:1,1
DA:2,1
DA:4,1
DA:5,1
DA:6,1
DA:7,1
DA:8,1
DA:9,1
DA:10,1
DA:12,1
DA:14,1
DA:22,1
DA:35,4
DA:36,3
DA:38,3
DA:39,3
DA:40,3
DA:41,3
DA:42,3
DA:48,3
DA:57,3
DA:58,0
DA:59,0
DA:60,0
DA:61,0
DA:70,0
DA:71,0
DA:72,0
DA:73,0
DA:77,0
DA:81,3
DA:85,3
DA:89,3
DA:91,3
DA:93,3
DA:95,3
DA:97,3
DA:98,0
DA:101,3
DA:103,3
DA:104,1
DA:107,3
DA:109,3
DA:111,3
DA:149,3
DA:164,3
DA:181,3
DA:246,0
DA:270,1
DA:272,1
LF:50
LH:39
BRDA:70,0,0,0
BRDA:70,0,1,0
BRDA:72,1,0,0
BRDA:72,2,0,0
BRDA:72,2,1,0
BRDA:81,3,0,0
BRDA:81,3,1,3
BRDA:85,4,0,0
BRDA:85,4,1,3
BRDA:91,5,0,0
BRDA:91,5,1,3
BRDA:93,6,0,0
BRDA:93,6,1,3
BRDA:95,7,0,0
BRDA:95,7,1,3
BRDA:121,8,0,3
BRDA:121,8,1,3
BRDA:134,9,0,3
BRDA:134,9,1,0
BRDA:222,10,0,3
BRDA:222,10,1,0
BRDA:234,11,0,3
BRDA:234,11,1,0
BRF:23
BRH:10
end_of_record
